<?xml version="1.0" encoding="UTF-8"?>
<!-- Generated by org.testng.reporters.JUnitXMLReporter -->
<testsuite ignored="0" hostname="LAPTOP-JGVLLPCA" failures="1" tests="2" name="Surefire test" time="17.65" errors="0" timestamp="2024-10-20T15:13:58 IST">
  <testcase classname="testNG.TestNG_Demo_0408" name="facebook" time="6.097">
    <failure type="java.io.FileNotFoundException" message="C:\Users\Ashwini patil\eclipse-workspace\AdvancedAutomation\src\test\resources\src.png (The system cannot find the path specified)">
      <![CDATA[java.io.FileNotFoundException: C:\Users\Ashwini patil\eclipse-workspace\AdvancedAutomation\src\test\resources\src.png (The system cannot find the path specified)
at java.base/java.io.FileOutputStream.open0(Native Method)
at java.base/java.io.FileOutputStream.open(FileOutputStream.java:293)
at java.base/java.io.FileOutputStream.<init>(FileOutputStream.java:235)
at java.base/java.io.FileOutputStream.<init>(FileOutputStream.java:184)
at org.openqa.selenium.io.FileHandler.copyFile(FileHandler.java:131)
at org.openqa.selenium.io.FileHandler.copy(FileHandler.java:110)
at testNG.TestNG_Demo_0408.facebook(TestNG_Demo_0408.java:39)
at java.base/java.util.ArrayList.forEach(ArrayList.java:1511)
... Removed 32 stack frames]]>
    </failure>
  </testcase> <!-- facebook -->
  <testcase classname="testNG.TestNG_Demo_0408" name="google" time="11.507"/>
</testsuite> <!-- Surefire test -->
