<?xml version="1.0" encoding="UTF-8"?>
<testng-results ignored="0" total="2" passed="2" failed="0" skipped="0">
  <reporter-output>
  </reporter-output>
  <suite started-at="2024-10-20T15:20:34 IST" name="Suite" finished-at="2024-10-20T15:20:52 IST" duration-ms="17720">
    <groups>
    </groups>
    <test started-at="2024-10-20T15:20:34 IST" name="Chrome_Test" finished-at="2024-10-20T15:20:42 IST" duration-ms="7881">
      <class name="logger4jDemo.CrossBrowsingWithLog4j_2909">
        <test-method is-config="true" signature="logger()[pri:0, instance:logger4jDemo.CrossBrowsingWithLog4j_2909@5b239d7d]" started-at="2024-10-20T15:20:34 IST" name="logger" finished-at="2024-10-20T15:20:34 IST" duration-ms="290" status="PASS">
          <reporter-output>
          </reporter-output>
        </test-method> <!-- logger -->
        <test-method is-config="true" signature="OpenBrowser(java.lang.String)[pri:0, instance:logger4jDemo.CrossBrowsingWithLog4j_2909@5b239d7d]" started-at="2024-10-20T15:20:34 IST" name="OpenBrowser" finished-at="2024-10-20T15:20:37 IST" duration-ms="3093" status="PASS">
          <params>
            <param index="0">
              <value>
                <![CDATA[chrome]]>
              </value>
            </param>
          </params>
          <reporter-output>
          </reporter-output>
        </test-method> <!-- OpenBrowser -->
        <test-method signature="login()[pri:0, instance:logger4jDemo.CrossBrowsingWithLog4j_2909@5b239d7d]" started-at="2024-10-20T15:20:37 IST" name="login" finished-at="2024-10-20T15:20:40 IST" duration-ms="2494" status="PASS">
          <reporter-output>
          </reporter-output>
        </test-method> <!-- login -->
        <test-method is-config="true" signature="logout()[pri:0, instance:logger4jDemo.CrossBrowsingWithLog4j_2909@5b239d7d]" started-at="2024-10-20T15:20:40 IST" name="logout" finished-at="2024-10-20T15:20:42 IST" duration-ms="1972" status="PASS">
          <reporter-output>
          </reporter-output>
        </test-method> <!-- logout -->
      </class> <!-- logger4jDemo.CrossBrowsingWithLog4j_2909 -->
    </test> <!-- Chrome_Test -->
    <test started-at="2024-10-20T15:20:42 IST" name="Firefox_Test" finished-at="2024-10-20T15:20:52 IST" duration-ms="9763">
      <class name="logger4jDemo.CrossBrowsingWithLog4j_2909">
        <test-method is-config="true" signature="logger()[pri:0, instance:logger4jDemo.CrossBrowsingWithLog4j_2909@747ddf94]" started-at="2024-10-20T15:20:42 IST" name="logger" finished-at="2024-10-20T15:20:42 IST" duration-ms="0" status="PASS">
          <reporter-output>
          </reporter-output>
        </test-method> <!-- logger -->
        <test-method is-config="true" signature="OpenBrowser(java.lang.String)[pri:0, instance:logger4jDemo.CrossBrowsingWithLog4j_2909@747ddf94]" started-at="2024-10-20T15:20:42 IST" name="OpenBrowser" finished-at="2024-10-20T15:20:47 IST" duration-ms="5317" status="PASS">
          <params>
            <param index="0">
              <value>
                <![CDATA[firefox]]>
              </value>
            </param>
          </params>
          <reporter-output>
          </reporter-output>
        </test-method> <!-- OpenBrowser -->
        <test-method signature="login()[pri:0, instance:logger4jDemo.CrossBrowsingWithLog4j_2909@747ddf94]" started-at="2024-10-20T15:20:47 IST" name="login" finished-at="2024-10-20T15:20:49 IST" duration-ms="1405" status="PASS">
          <reporter-output>
          </reporter-output>
        </test-method> <!-- login -->
        <test-method is-config="true" signature="logout()[pri:0, instance:logger4jDemo.CrossBrowsingWithLog4j_2909@747ddf94]" started-at="2024-10-20T15:20:49 IST" name="logout" finished-at="2024-10-20T15:20:52 IST" duration-ms="3033" status="PASS">
          <reporter-output>
          </reporter-output>
        </test-method> <!-- logout -->
      </class> <!-- logger4jDemo.CrossBrowsingWithLog4j_2909 -->
    </test> <!-- Firefox_Test -->
  </suite> <!-- Suite -->
</testng-results>
