<?xml version="1.0" encoding="UTF-8"?>
<testng-results ignored="0" total="2" passed="2" failed="0" skipped="0">
  <reporter-output>
  </reporter-output>
  <suite started-at="2024-09-29T22:13:58 IST" name="Suite" finished-at="2024-09-29T22:14:15 IST" duration-ms="17043">
    <groups>
    </groups>
    <test started-at="2024-09-29T22:13:58 IST" name="Chrome_Test" finished-at="2024-09-29T22:14:07 IST" duration-ms="8728">
      <class name="logger4jDemo.CrossBrowsingWithLog4j_2909">
        <test-method is-config="true" signature="logger()[pri:0, instance:logger4jDemo.CrossBrowsingWithLog4j_2909@175c2241]" started-at="2024-09-29T22:13:58 IST" name="logger" finished-at="2024-09-29T22:13:59 IST" duration-ms="358" status="PASS">
          <reporter-output>
          </reporter-output>
        </test-method> <!-- logger -->
        <test-method is-config="true" signature="OpenBrowser(java.lang.String)[pri:0, instance:logger4jDemo.CrossBrowsingWithLog4j_2909@175c2241]" started-at="2024-09-29T22:13:59 IST" name="OpenBrowser" finished-at="2024-09-29T22:14:04 IST" duration-ms="5058" status="PASS">
          <params>
            <param index="0">
              <value>
                <![CDATA[chrome]]>
              </value>
            </param>
          </params>
          <reporter-output>
          </reporter-output>
        </test-method> <!-- OpenBrowser -->
        <test-method signature="login()[pri:0, instance:logger4jDemo.CrossBrowsingWithLog4j_2909@175c2241]" started-at="2024-09-29T22:14:04 IST" name="login" finished-at="2024-09-29T22:14:05 IST" duration-ms="1613" status="PASS">
          <reporter-output>
          </reporter-output>
        </test-method> <!-- login -->
        <test-method is-config="true" signature="logout()[pri:0, instance:logger4jDemo.CrossBrowsingWithLog4j_2909@175c2241]" started-at="2024-09-29T22:14:05 IST" name="logout" finished-at="2024-09-29T22:14:07 IST" duration-ms="1645" status="PASS">
          <reporter-output>
          </reporter-output>
        </test-method> <!-- logout -->
      </class> <!-- logger4jDemo.CrossBrowsingWithLog4j_2909 -->
    </test> <!-- Chrome_Test -->
    <test started-at="2024-09-29T22:14:07 IST" name="Firefox_Test" finished-at="2024-09-29T22:14:15 IST" duration-ms="8241">
      <class name="logger4jDemo.CrossBrowsingWithLog4j_2909">
        <test-method is-config="true" signature="logger()[pri:0, instance:logger4jDemo.CrossBrowsingWithLog4j_2909@74e52ef6]" started-at="2024-09-29T22:14:07 IST" name="logger" finished-at="2024-09-29T22:14:07 IST" duration-ms="1" status="PASS">
          <reporter-output>
          </reporter-output>
        </test-method> <!-- logger -->
        <test-method is-config="true" signature="OpenBrowser(java.lang.String)[pri:0, instance:logger4jDemo.CrossBrowsingWithLog4j_2909@74e52ef6]" started-at="2024-09-29T22:14:07 IST" name="OpenBrowser" finished-at="2024-09-29T22:14:13 IST" duration-ms="5587" status="PASS">
          <params>
            <param index="0">
              <value>
                <![CDATA[firefox]]>
              </value>
            </param>
          </params>
          <reporter-output>
          </reporter-output>
        </test-method> <!-- OpenBrowser -->
        <test-method signature="login()[pri:0, instance:logger4jDemo.CrossBrowsingWithLog4j_2909@74e52ef6]" started-at="2024-09-29T22:14:13 IST" name="login" finished-at="2024-09-29T22:14:14 IST" duration-ms="1746" status="PASS">
          <reporter-output>
          </reporter-output>
        </test-method> <!-- login -->
        <test-method is-config="true" signature="logout()[pri:0, instance:logger4jDemo.CrossBrowsingWithLog4j_2909@74e52ef6]" started-at="2024-09-29T22:14:14 IST" name="logout" finished-at="2024-09-29T22:14:15 IST" duration-ms="898" status="PASS">
          <reporter-output>
          </reporter-output>
        </test-method> <!-- logout -->
      </class> <!-- logger4jDemo.CrossBrowsingWithLog4j_2909 -->
    </test> <!-- Firefox_Test -->
  </suite> <!-- Suite -->
</testng-results>
